<project xmlns="http://maven.apache.org/POM/4.0.0"
         xmlns:xsi="http://www.w3.org/2001/XMLSchema-instance"
         xsi:schemaLocation="http://maven.apache.org/POM/4.0.0 http://maven.apache.org/xsd/maven-4.0.0.xsd">
    <modelVersion>4.0.0</modelVersion>

    <groupId>io.descoped.plugins.devmode.mojo.mock</groupId>
    <artifactId>project-to-test</artifactId>
    <version>1.0-SNAPSHOT</version>
    <packaging>jar</packaging>
    <name>Test MyMojo</name>

    <dependencies>
        <dependency>
            <groupId>junit</groupId>
            <artifactId>junit</artifactId>
            <version>4.12</version>
            <scope>test</scope>
        </dependency>
    </dependencies>

    <build>
        <plugins>
            <plugin>
                <groupId>io.descoped.mojo</groupId>
                <artifactId>web-devmode-plugin</artifactId>
                <version>1.0.0-SNAPSHOT</version>
                <executions>
                    <execution>
                        <phase>test-compile</phase>
                        <goals>
                            <goal>run</goal>
                        </goals>
                    </execution>
                </executions>
                <configuration>
                    <outputDirectory>target/test-harness/project-to-test</outputDirectory>
                    <webContent>src/main/resources/webapp</webContent>
                    <mainClass>io.descoped.plugins.devmode.test.Echo</mainClass>

                    <project implementation="io.descoped.plugins.devmode.test.MojoMavenProjectStub" />
                </configuration>
            </plugin>
        </plugins>
    </build>
</project>
